2014-07-16T07:38:55.047Z - info: [90mGET / [32m200 [90m3ms - 5.45kb[0m

2014-07-16T07:38:55.078Z - info: [90mGET /cat/lib/cat.css [32m200 [90m12ms - 86.47kb[0m

2014-07-16T07:38:55.079Z - info: [90mGET /cat/lib/chai.js [32m200 [90m13ms - 150.57kb[0m

2014-07-16T07:38:55.079Z - info: [90mGET /js/jquery.mobile-1.4.0.min.js [32m200 [90m13ms - 188.74kb[0m

2014-07-16T07:38:55.080Z - info: [90mGET /cat/lib/jspath.js [32m200 [90m13ms - 12.19kb[0m

2014-07-16T07:38:55.080Z - info: [90mGET /css/jquery.mobile-1.4.0.min.css [32m200 [90m17ms - 216.05kb[0m

2014-07-16T07:38:55.088Z - info: [90mGET /js/jquery.js [32m200 [90m23ms - 266.8kb[0m

2014-07-16T07:38:55.090Z - info: [90mGET /cat/lib/tmr.js [32m200 [90m4ms - 38.22kb[0m

2014-07-16T07:38:55.091Z - info: [90mGET /cat/lib/cat.js [32m200 [90m3ms - 93.63kb[0m

2014-07-16T07:38:55.108Z - info: [90mGET /cat/lib/cat.src.js [32m200 [90m3ms - 26.7kb[0m

2014-07-16T07:38:55.268Z - info: [90mGET /cat/config/testdata.json [32m200 [90m1ms - 152b[0m

2014-07-16T07:38:55.273Z - info: [90mGET /cat/config/cat.json [32m200 [90m1ms - 1.51kb[0m

2014-07-16T07:38:55.287Z - info: [90mGET /scraps?scrap=setUsername&testId=fe71dcc6-d7f7-9325-403c-23c3b3ccbe44 [32m200 [90m3ms - 345b[0m

2014-07-16T07:38:55.290Z - info: [90mGET /scraps?scrap=setEmail&testId=fe71dcc6-d7f7-9325-403c-23c3b3ccbe44 [32m200 [90m6ms - 339b[0m

2014-07-16T07:38:55.292Z - info: [90mGET /scraps?scrap=setPassword&testId=fe71dcc6-d7f7-9325-403c-23c3b3ccbe44 [32m200 [90m5ms - 345b[0m

2014-07-16T07:38:55.292Z - info: [90mGET /scraps?scrap=setRepeatPassword&testId=fe71dcc6-d7f7-9325-403c-23c3b3ccbe44 [32m200 [90m3ms - 357b[0m

2014-07-16T07:38:55.292Z - info: [90mGET /scraps?scrap=setmobileweb&testId=fe71dcc6-d7f7-9325-403c-23c3b3ccbe44 [32m200 [90m3ms - 347b[0m

2014-07-16T07:38:55.293Z - info: [90mGET /scraps?scrap=setweb&testId=fe71dcc6-d7f7-9325-403c-23c3b3ccbe44 [32m200 [90m3ms - 335b[0m

2014-07-16T07:38:55.294Z - info: [90mGET /scraps?scrap=slider90&testId=fe71dcc6-d7f7-9325-403c-23c3b3ccbe44 [32m200 [90m3ms - 339b[0m

2014-07-16T07:38:55.295Z - info: [90mGET /scraps?scrap=clickSignup&testId=fe71dcc6-d7f7-9325-403c-23c3b3ccbe44 [32m200 [90m2ms - 345b[0m

2014-07-16T07:38:55.298Z - info: [90mGET /css/images/ajax-loader.gif [33m404 [90m0ms[0m

2014-07-16T07:38:55.412Z - info: [90mGET /js/jquery.mobile-1.4.0.min.map [33m404 [90m1ms[0m

2014-07-16T07:38:59.362Z - info: [90mGET /assert?testName=setUsername&scenario=undefined&message=Test%20Passed&error=undefined&status=success&reports=console,junit&name=catjs-github&type=test&hasPhantom=false&id=fe71dcc6-d7f7-9325-403c-23c3b3ccbe44&cache=Wed,%2016%20Jul%202014%2007:38:59%20GMT [32m200 [90m1ms - 82b[0m

2014-07-16T07:39:05.363Z - info: [90mGET /assert?testName=setEmail&scenario=undefined&message=Test%20Passed&error=undefined&status=success&reports=console,junit&name=catjs-github&type=test&hasPhantom=false&id=fe71dcc6-d7f7-9325-403c-23c3b3ccbe44&cache=Wed,%2016%20Jul%202014%2007:39:05%20GMT [32m200 [90m1ms - 79b[0m

2014-07-16T07:39:11.365Z - info: [90mGET /assert?testName=setPassword&scenario=undefined&message=Test%20Passed&error=undefined&status=success&reports=console,junit&name=catjs-github&type=test&hasPhantom=false&id=fe71dcc6-d7f7-9325-403c-23c3b3ccbe44&cache=Wed,%2016%20Jul%202014%2007:39:11%20GMT [32m200 [90m0ms - 82b[0m

2014-07-16T07:39:17.367Z - info: [90mGET /assert?testName=setRepeatPassword&scenario=undefined&message=Test%20Passed&error=undefined&status=success&reports=console,junit&name=catjs-github&type=test&hasPhantom=false&id=fe71dcc6-d7f7-9325-403c-23c3b3ccbe44&cache=Wed,%2016%20Jul%202014%2007:39:17%20GMT [32m200 [90m1ms - 88b[0m

2014-07-16T07:39:23.366Z - info: [90mGET /assert?testName=setmobileweb&scenario=undefined&message=Test%20Passed&error=undefined&status=success&reports=console,junit&name=catjs-github&type=test&hasPhantom=false&id=fe71dcc6-d7f7-9325-403c-23c3b3ccbe44&cache=Wed,%2016%20Jul%202014%2007:39:23%20GMT [32m200 [90m0ms - 83b[0m

2014-07-16T07:39:29.369Z - info: [90mGET /assert?testName=setweb&scenario=undefined&message=Test%20Passed&error=undefined&status=success&reports=console,junit&name=catjs-github&type=test&hasPhantom=false&id=fe71dcc6-d7f7-9325-403c-23c3b3ccbe44&cache=Wed,%2016%20Jul%202014%2007:39:29%20GMT [32m200 [90m1ms - 77b[0m

2014-07-16T07:39:35.367Z - info: [90mGET /assert?testName=slider90&scenario=undefined&message=Test%20Passed&error=undefined&status=success&reports=console,junit&name=catjs-github&type=test&hasPhantom=false&id=fe71dcc6-d7f7-9325-403c-23c3b3ccbe44&cache=Wed,%2016%20Jul%202014%2007:39:35%20GMT [32m200 [90m0ms - 79b[0m

2014-07-16T07:39:41.522Z - info: [90mGET /assert?testName=End&scenario=undefined&message=End&error=&status=End&reports=console,junit&name=catjs-github&type=test&hasPhantom=false&id=fe71dcc6-d7f7-9325-403c-23c3b3ccbe44&cache=Wed,%2016%20Jul%202014%2007:39:41%20GMT [32m200 [90m1ms - 62b[0m

2014-07-16T07:49:29.740Z - info: [90mGET / [32m200 [90m19ms - 5.45kb[0m

2014-07-16T07:49:29.759Z - info: [90mGET /cat/lib/jspath.js [32m200 [90m6ms - 12.19kb[0m

2014-07-16T07:49:29.759Z - info: [90mGET /js/jquery.mobile-1.4.0.min.js [32m200 [90m9ms - 188.74kb[0m

2014-07-16T07:49:29.760Z - info: [90mGET /cat/lib/chai.js [32m200 [90m8ms - 150.57kb[0m

2014-07-16T07:49:29.760Z - info: [90mGET /cat/lib/cat.css [32m200 [90m10ms - 86.47kb[0m

2014-07-16T07:49:29.763Z - info: [90mGET /css/jquery.mobile-1.4.0.min.css [32m200 [90m14ms - 216.05kb[0m

2014-07-16T07:49:29.766Z - info: [90mGET /cat/lib/tmr.js [32m200 [90m3ms - 38.22kb[0m

2014-07-16T07:49:29.769Z - info: [90mGET /cat/lib/cat.js [32m200 [90m1ms - 93.63kb[0m

2014-07-16T07:49:29.779Z - info: [90mGET /cat/lib/cat.src.js [32m200 [90m1ms - 26.7kb[0m

2014-07-16T07:49:29.819Z - info: [90mGET /js/jquery.js [32m200 [90m69ms - 266.8kb[0m

2014-07-16T07:49:29.921Z - info: [90mGET /cat/config/testdata.json [32m200 [90m1ms - 152b[0m

2014-07-16T07:49:29.924Z - info: [90mGET /cat/config/cat.json [32m200 [90m1ms - 1.51kb[0m

2014-07-16T07:49:29.938Z - info: [90mGET /scraps?scrap=setUsername&testId=5bfe68ec-4f12-1113-d33f-88a1a6e7749f [36m304 [90m4ms[0m

2014-07-16T07:49:29.941Z - info: [90mGET /scraps?scrap=setEmail&testId=5bfe68ec-4f12-1113-d33f-88a1a6e7749f [36m304 [90m6ms[0m

2014-07-16T07:49:29.943Z - info: [90mGET /scraps?scrap=setPassword&testId=5bfe68ec-4f12-1113-d33f-88a1a6e7749f [36m304 [90m5ms[0m

2014-07-16T07:49:29.944Z - info: [90mGET /scraps?scrap=setRepeatPassword&testId=5bfe68ec-4f12-1113-d33f-88a1a6e7749f [36m304 [90m4ms[0m

2014-07-16T07:49:29.944Z - info: [90mGET /scraps?scrap=setmobileweb&testId=5bfe68ec-4f12-1113-d33f-88a1a6e7749f [36m304 [90m3ms[0m

2014-07-16T07:49:29.945Z - info: [90mGET /scraps?scrap=setweb&testId=5bfe68ec-4f12-1113-d33f-88a1a6e7749f [36m304 [90m3ms[0m

2014-07-16T07:49:29.945Z - info: [90mGET /scraps?scrap=slider90&testId=5bfe68ec-4f12-1113-d33f-88a1a6e7749f [36m304 [90m3ms[0m

2014-07-16T07:49:29.946Z - info: [90mGET /scraps?scrap=clickSignup&testId=5bfe68ec-4f12-1113-d33f-88a1a6e7749f [36m304 [90m2ms[0m

2014-07-16T07:49:29.948Z - info: [90mGET /css/images/ajax-loader.gif [33m404 [90m1ms[0m

2014-07-16T07:49:34.014Z - info: [90mGET /assert?testName=setUsername&scenario=undefined&message=Test%20Passed&error=undefined&status=success&reports=console,junit&name=catjs-github&type=test&hasPhantom=false&id=5bfe68ec-4f12-1113-d33f-88a1a6e7749f&cache=Wed,%2016%20Jul%202014%2007:49:34%20GMT [32m200 [90m1ms - 82b[0m

2014-07-16T07:49:46.221Z - info: [90mGET /assert?testName=setPassword&scenario=undefined&message=Test%20Passed&error=undefined&status=success&reports=console,junit&name=catjs-github&type=test&hasPhantom=false&id=5bfe68ec-4f12-1113-d33f-88a1a6e7749f&cache=Wed,%2016%20Jul%202014%2007:49:46%20GMT [32m200 [90m4ms - 82b[0m

2014-07-16T07:49:46.265Z - info: [90mGET / [32m200 [90m48ms - 5.45kb[0m

2014-07-16T07:49:46.288Z - info: [90mGET /cat/lib/cat.css [32m200 [90m6ms - 86.47kb[0m

2014-07-16T07:49:46.288Z - info: [90mGET /js/jquery.mobile-1.4.0.min.js [32m200 [90m7ms - 188.74kb[0m

2014-07-16T07:49:46.288Z - info: [90mGET /cat/lib/jspath.js [32m200 [90m2ms - 12.19kb[0m

2014-07-16T07:49:46.293Z - info: [90mGET /css/jquery.mobile-1.4.0.min.css [32m200 [90m14ms - 216.05kb[0m

2014-07-16T07:49:46.299Z - info: [90mGET /cat/lib/chai.js [32m200 [90m15ms - 150.57kb[0m

2014-07-16T07:49:46.300Z - info: [90mGET /js/jquery.js [32m200 [90m21ms - 266.8kb[0m

2014-07-16T07:49:46.305Z - info: [90mGET /cat/lib/tmr.js [32m200 [90m11ms - 38.22kb[0m

2014-07-16T07:49:46.308Z - info: [90mGET /cat/lib/cat.js [32m200 [90m9ms - 93.63kb[0m

2014-07-16T07:49:46.322Z - info: [90mGET /cat/lib/cat.src.js [32m200 [90m2ms - 26.7kb[0m

2014-07-16T07:49:46.409Z - info: [90mGET /cat/config/testdata.json [32m200 [90m1ms - 152b[0m

2014-07-16T07:49:46.409Z - info: [90mGET /cat/config/cat.json [32m200 [90m1ms - 1.51kb[0m

2014-07-16T07:49:46.423Z - info: [90mGET /scraps?scrap=setUsername&testId=5bfe68ec-4f12-1113-d33f-88a1a6e7749f [36m304 [90m4ms[0m

2014-07-16T07:49:46.425Z - info: [90mGET /scraps?scrap=setEmail&testId=5bfe68ec-4f12-1113-d33f-88a1a6e7749f [36m304 [90m5ms[0m

2014-07-16T07:49:46.426Z - info: [90mGET /scraps?scrap=setPassword&testId=5bfe68ec-4f12-1113-d33f-88a1a6e7749f [36m304 [90m5ms[0m

2014-07-16T07:49:46.426Z - info: [90mGET /scraps?scrap=setRepeatPassword&testId=5bfe68ec-4f12-1113-d33f-88a1a6e7749f [36m304 [90m2ms[0m

2014-07-16T07:49:46.427Z - info: [90mGET /scraps?scrap=setmobileweb&testId=5bfe68ec-4f12-1113-d33f-88a1a6e7749f [36m304 [90m3ms[0m

2014-07-16T07:49:46.428Z - info: [90mGET /scraps?scrap=setweb&testId=5bfe68ec-4f12-1113-d33f-88a1a6e7749f [36m304 [90m4ms[0m

2014-07-16T07:49:46.429Z - info: [90mGET /scraps?scrap=slider90&testId=5bfe68ec-4f12-1113-d33f-88a1a6e7749f [36m304 [90m2ms[0m

2014-07-16T07:49:46.430Z - info: [90mGET /scraps?scrap=clickSignup&testId=5bfe68ec-4f12-1113-d33f-88a1a6e7749f [36m304 [90m2ms[0m

2014-07-16T07:49:46.431Z - info: [90mGET /css/images/ajax-loader.gif [33m404 [90m1ms[0m

2014-07-16T07:49:50.495Z - info: [90mGET /assert?testName=setUsername&scenario=undefined&message=Test%20Passed&error=undefined&status=success&reports=console,junit&name=catjs-github&type=test&hasPhantom=false&id=5bfe68ec-4f12-1113-d33f-88a1a6e7749f&cache=Wed,%2016%20Jul%202014%2007:49:50%20GMT [32m200 [90m2ms - 82b[0m

